# JRE version: OpenJDK Runtime Environment (17.0.7) (build 17.0.7+0-b2043.56-10550314)
# Java VM: OpenJDK 64-Bit Server VM (17.0.7+0-b2043.56-10550314, mixed mode, tiered, compressed oops, compressed class ptrs, g1 gc, windows-amd64)
GC Precious Log:
 CPUs: 12 total, 12 available
 Memory: 7583M
 Large Page Support: Disabled
 NUMA Support: Disabled
 Compressed Oops: Enabled (32-bit)
 Heap Region Size: 1M
 Heap Min Capacity: 8M
 Heap Initial Capacity: 120M
 Heap Max Capacity: 2G
 Pre-touch: Disabled
 Parallel Workers: 10
 Concurrent Workers: 3
 Concurrent Refinement Workers: 10
 Periodic GC: Disabled
Heap:
 garbage-first heap   total 135168K, used 105398K [0x0000000080000000, 0x0000000100000000)
  region size 1024K, 22 young (22528K), 4 survivors (4096K)
 Metaspace       used 98846K, committed 99584K, reserved 1179648K
  class space    used 13602K, committed 13952K, reserved 1048576K
GC Heap History (20 events):
Event: 18.471 GC heap before
{Heap before GC invocations=39 (full 0):
 garbage-first heap   total 135168K, used 104045K [0x0000000080000000, 0x0000000100000000)
  region size 1024K, 37 young (37888K), 1 survivors (1024K)
 Metaspace       used 74921K, committed 75520K, reserved 1114112K
  class space    used 10031K, committed 10304K, reserved 1048576K
}
Event: 18.473 GC heap after
{Heap after GC invocations=40 (full 0):
 garbage-first heap   total 135168K, used 68675K [0x0000000080000000, 0x0000000100000000)
  region size 1024K, 3 young (3072K), 3 survivors (3072K)
 Metaspace       used 74921K, committed 75520K, reserved 1114112K
  class space    used 10031K, committed 10304K, reserved 1048576K
}
Event: 19.208 GC heap before
{Heap before GC invocations=40 (full 0):
 garbage-first heap   total 135168K, used 109635K [0x0000000080000000, 0x0000000100000000)
  region size 1024K, 39 young (39936K), 3 survivors (3072K)
 Metaspace       used 78340K, committed 78912K, reserved 1179648K
  class space    used 10540K, committed 10816K, reserved 1048576K
}
Event: 19.212 GC heap after
{Heap after GC invocations=41 (full 0):
 garbage-first heap   total 135168K, used 75000K [0x0000000080000000, 0x0000000100000000)
  region size 1024K, 5 young (5120K), 5 survivors (5120K)
 Metaspace       used 78340K, committed 78912K, reserved 1179648K
  class space    used 10540K, committed 10816K, reserved 1048576K
}
Event: 19.786 GC heap before
{Heap before GC invocations=41 (full 0):
 garbage-first heap   total 135168K, used 108792K [0x0000000080000000, 0x0000000100000000)
  region size 1024K, 38 young (38912K), 5 survivors (5120K)
 Metaspace       used 81551K, committed 82048K, reserved 1179648K
  class space    used 10974K, committed 11200K, reserved 1048576K
}
Event: 19.791 GC heap after
{Heap after GC invocations=42 (full 0):
 garbage-first heap   total 135168K, used 77800K [0x0000000080000000, 0x0000000100000000)
  region size 1024K, 5 young (5120K), 5 survivors (5120K)
 Metaspace       used 81551K, committed 82048K, reserved 1179648K
  class space    used 10974K, committed 11200K, reserved 1048576K
}
Event: 20.827 GC heap before
{Heap before GC invocations=42 (full 0):
 garbage-first heap   total 135168K, used 110568K [0x0000000080000000, 0x0000000100000000)
  region size 1024K, 37 young (37888K), 5 survivors (5120K)
 Metaspace       used 82905K, committed 83456K, reserved 1179648K
  class space    used 11136K, committed 11392K, reserved 1048576K
}
Event: 20.833 GC heap after
{Heap after GC invocations=43 (full 0):
 garbage-first heap   total 135168K, used 79912K [0x0000000080000000, 0x0000000100000000)
  region size 1024K, 5 young (5120K), 5 survivors (5120K)
 Metaspace       used 82905K, committed 83456K, reserved 1179648K
  class space    used 11136K, committed 11392K, reserved 1048576K
}
Event: 21.421 GC heap before
{Heap before GC invocations=43 (full 0):
 garbage-first heap   total 135168K, used 110632K [0x0000000080000000, 0x0000000100000000)
  region size 1024K, 35 young (35840K), 5 survivors (5120K)
 Metaspace       used 85207K, committed 85760K, reserved 1179648K
  class space    used 11450K, committed 11712K, reserved 1048576K
}
Event: 21.426 GC heap after
{Heap after GC invocations=44 (full 0):
 garbage-first heap   total 135168K, used 81987K [0x0000000080000000, 0x0000000100000000)
  region size 1024K, 5 young (5120K), 5 survivors (5120K)
 Metaspace       used 85207K, committed 85760K, reserved 1179648K
  class space    used 11450K, committed 11712K, reserved 1048576K
}
Event: 21.949 GC heap before
{Heap before GC invocations=44 (full 0):
 garbage-first heap   total 135168K, used 111683K [0x0000000080000000, 0x0000000100000000)
  region size 1024K, 34 young (34816K), 5 survivors (5120K)
 Metaspace       used 87516K, committed 88192K, reserved 1179648K
  class space    used 11955K, committed 12224K, reserved 1048576K
}
Event: 21.953 GC heap after
{Heap after GC invocations=45 (full 0):
 garbage-first heap   total 135168K, used 82627K [0x0000000080000000, 0x0000000100000000)
  region size 1024K, 3 young (3072K), 3 survivors (3072K)
 Metaspace       used 87516K, committed 88192K, reserved 1179648K
  class space    used 11955K, committed 12224K, reserved 1048576K
}
Event: 22.446 GC heap before
{Heap before GC invocations=45 (full 0):
 garbage-first heap   total 135168K, used 112323K [0x0000000080000000, 0x0000000100000000)
  region size 1024K, 32 young (32768K), 3 survivors (3072K)
 Metaspace       used 89750K, committed 90368K, reserved 1179648K
  class space    used 12292K, committed 12544K, reserved 1048576K
}
Event: 22.450 GC heap after
{Heap after GC invocations=46 (full 0):
 garbage-first heap   total 135168K, used 83757K [0x0000000080000000, 0x0000000100000000)
  region size 1024K, 3 young (3072K), 3 survivors (3072K)
 Metaspace       used 89750K, committed 90368K, reserved 1179648K
  class space    used 12292K, committed 12544K, reserved 1048576K
}
Event: 23.160 GC heap before
{Heap before GC invocations=46 (full 0):
 garbage-first heap   total 135168K, used 113453K [0x0000000080000000, 0x0000000100000000)
  region size 1024K, 32 young (32768K), 3 survivors (3072K)
 Metaspace       used 92059K, committed 92672K, reserved 1179648K
  class space    used 12625K, committed 12928K, reserved 1048576K
}
Event: 23.165 GC heap after
{Heap after GC invocations=47 (full 0):
 garbage-first heap   total 135168K, used 85867K [0x0000000080000000, 0x0000000100000000)
  region size 1024K, 4 young (4096K), 4 survivors (4096K)
 Metaspace       used 92059K, committed 92672K, reserved 1179648K
  class space    used 12625K, committed 12928K, reserved 1048576K
}
Event: 23.740 GC heap before
{Heap before GC invocations=47 (full 0):
 garbage-first heap   total 135168K, used 113515K [0x0000000080000000, 0x0000000100000000)
  region size 1024K, 31 young (31744K), 4 survivors (4096K)
 Metaspace       used 94103K, committed 94784K, reserved 1179648K
  class space    used 12932K, committed 13248K, reserved 1048576K
}
Event: 23.745 GC heap after
{Heap after GC invocations=48 (full 0):
 garbage-first heap   total 135168K, used 87921K [0x0000000080000000, 0x0000000100000000)
  region size 1024K, 4 young (4096K), 4 survivors (4096K)
 Metaspace       used 94103K, committed 94784K, reserved 1179648K
  class space    used 12932K, committed 13248K, reserved 1048576K
}
Event: 24.587 GC heap before
{Heap before GC invocations=48 (full 0):
 garbage-first heap   total 135168K, used 114545K [0x0000000080000000, 0x0000000100000000)
  region size 1024K, 30 young (30720K), 4 survivors (4096K)
 Metaspace       used 96498K, committed 97152K, reserved 1179648K
  class space    used 13325K, committed 13632K, reserved 1048576K
}
Event: 24.594 GC heap after
{Heap after GC invocations=49 (full 0):
 garbage-first heap   total 135168K, used 89014K [0x0000000080000000, 0x0000000100000000)
  region size 1024K, 4 young (4096K), 4 survivors (4096K)
 Metaspace       used 96498K, committed 97152K, reserved 1179648K
  class space    used 13325K, committed 13632K, reserved 1048576K
}

